<?xml version="1.0" encoding="UTF-8"?>
<!-- Generated by org.testng.reporters.JUnitXMLReporter -->
<testsuite ignored="0" hostname="DESKTOP-I882LUR" failures="0" tests="2" name="Test" time="0.071" errors="0" timestamp="2025-03-26T20:49:24 IST">
  <testcase classname="base.ProjectSpecificationMethod" name="@BeforeClass testDetails" time="0.002">
    <failure type="java.lang.IllegalArgumentException" message="Test name must not be null or empty">
      <![CDATA[java.lang.IllegalArgumentException: Test name must not be null or empty
at com.aventstack.extentreports.util.Assert.notEmpty(Assert.java:12)
at com.aventstack.extentreports.ExtentTest.<init>(ExtentTest.java:97)
at com.aventstack.extentreports.ExtentTest.<init>(ExtentTest.java:118)
at com.aventstack.extentreports.ExtentReports.createTest(ExtentReports.java:231)
at base.ProjectSpecificationMethod.testDetails(ProjectSpecificationMethod.java:33)
at java.base/java.util.ArrayList.forEach(ArrayList.java:1596)
... Removed 23 stack frames]]>
    </failure>
  </testcase> <!-- @BeforeClass testDetails -->
  <testcase classname="base.ProjectSpecificationMethod" name="@BeforeMethod setUp" time="0.0">
    <skipped/>
  </testcase> <!-- @BeforeMethod setUp -->
  <testcase classname="base.ProjectSpecificationMethod" name="@AfterMethod tearDown" time="0.0">
    <skipped/>
  </testcase> <!-- @AfterMethod tearDown -->
  <testcase classname="base.ProjectSpecificationMethod" name="@BeforeMethod setUp" time="0.0">
    <skipped/>
  </testcase> <!-- @BeforeMethod setUp -->
  <testcase classname="base.ProjectSpecificationMethod" name="@AfterMethod tearDown" time="0.0">
    <skipped/>
  </testcase> <!-- @AfterMethod tearDown -->
  <testcase classname="test.SignUpTest" name="testExisitngUser" time="0.0">
    <skipped/>
  </testcase> <!-- testExisitngUser -->
  <testcase classname="test.SignUpTest" name="testSignUpPage" time="0.001">
    <skipped/>
  </testcase> <!-- testSignUpPage -->
</testsuite> <!-- Test -->
